<!DOCTYPE html PUBLIC "-//W3C//DTD XHTML 1.1//EN" "https://www.w3.org/TR/xhtml11/DTD/xhtml11.dtd">
<html xmlns="https://www.w3.org/1999/xhtml">
<head>
<meta http-equiv="content-type" content="text/html; charset=UTF-8"/>
<title>TestNG Report</title>
<style type="text/css">table {margin-bottom:10px;border-collapse:collapse;empty-cells:show}th,td {border:1px solid #009;padding:.25em .5em}th {vertical-align:bottom}td {vertical-align:top}table a {font-weight:bold}.stripe td {background-color: #E6EBF9}.num {text-align:right}.passedodd td {background-color: #3F3}.passedeven td {background-color: #0A0}.skippedodd td {background-color: #DDD}.skippedeven td {background-color: #CCC}.failedodd td,.attn {background-color: #F33}.failedeven td,.stripe .attn {background-color: #D00}.stacktrace {white-space:pre;font-family:monospace}.totop {font-size:85%;text-align:center;border-bottom:2px solid #000}.invisible {display:none}</style>
</head>
<body>
<table>
<tr><th>Test</th><th># Passed</th><th># Skipped</th><th># Retried</th><th># Failed</th><th>Time (ms)</th><th>Included Groups</th><th>Excluded Groups</th></tr>
<tr><th colspan="8">Suite</th></tr>
<tr><td><a href="#t0">Test</a></td><td class="num">13</td><td class="num">0</td><td class="num">0</td><td class="num attn">2</td><td class="num">74,707</td><td></td><td></td></tr>
</table>
<table id='summary'><thead><tr><th>Class</th><th>Method</th><th>Start</th><th>Time (ms)</th></tr></thead><tbody><tr><th colspan="4">Suite</th></tr></tbody><tbody id="t0"><tr><th colspan="4">Test &#8212; failed</th></tr><tr class="failedeven"><td rowspan="1">Npack.AddToCartTest</td><td><a href="#m0">AddToCartBySelectProduct</a></td><td rowspan="1">1674640479388</td><td rowspan="1">2269</td></tr><tr class="failedodd"><td rowspan="1">Npack.SearchTest</td><td><a href="#m1">SearchValidProduct</a></td><td rowspan="1">1674640449192</td><td rowspan="1">10558</td></tr><tr><th colspan="4">Test &#8212; passed</th></tr><tr class="passedeven"><td rowspan="1">Npack.AddToCartTest</td><td><a href="#m2">AddToCartProductBySearch</a></td><td rowspan="1">1674640471942</td><td rowspan="1">3695</td></tr><tr class="passedodd"><td rowspan="7">Npack.LoginTest</td><td><a href="#m3">InvalidInput</a></td><td rowspan="1">1674640435834</td><td rowspan="1">684</td></tr><tr class="passedodd"><td><a href="#m4">InvalidMailValidPassword</a></td><td rowspan="1">1674640442670</td><td rowspan="1">718</td></tr><tr class="passedodd"><td><a href="#m5">LoginWithoutInput</a></td><td rowspan="1">1674640446251</td><td rowspan="1">626</td></tr><tr class="passedodd"><td><a href="#m6">ValidMailInvalidPassword</a></td><td rowspan="1">1674640439190</td><td rowspan="1">708</td></tr><tr class="passedodd"><td><a href="#m7">Validinput</a></td><td rowspan="3">1674640428176</td><td rowspan="3">987</td></tr><tr class="passedodd"><td><a href="#m8">Validinput</a></td></tr><tr class="passedodd"><td><a href="#m9">Validinput</a></td></tr><tr class="passedeven"><td rowspan="3">Npack.RegisterTest</td><td><a href="#m10">RegisterWithAllFields</a></td><td rowspan="1">1674640416076</td><td rowspan="1">1894</td></tr><tr class="passedeven"><td><a href="#m11">RegisterWithFields</a></td><td rowspan="1">1674640411809</td><td rowspan="1">1948</td></tr><tr class="passedeven"><td><a href="#m12">RegisterWithoutFields</a></td><td rowspan="1">1674640420318</td><td rowspan="1">1063</td></tr><tr class="passedodd"><td rowspan="2">Npack.SearchTest</td><td><a href="#m13">SearchInValidProduct</a></td><td rowspan="1">1674640462477</td><td rowspan="1">569</td></tr><tr class="passedodd"><td><a href="#m14">SearchNoProduct</a></td><td rowspan="1">1674640466861</td><td rowspan="1">627</td></tr></tbody>
</table>
<h2>Test</h2><h3 id="m0">Npack.AddToCartTest#AddToCartBySelectProduct</h3><table class="result"><tr><th>Exception</th></tr><tr><td><div class="stacktrace">org.openqa.selenium.StaleElementReferenceException: stale element reference: element is not attached to the page document
  (Session info: chrome=109.0.5414.75)
For documentation on this error, please visit: https://selenium.dev/exceptions/#stale_element_reference
Build info: version: &apos;4.7.2&apos;, revision: &apos;4d4020c3b7&apos;
System info: os.name: &apos;Windows 10&apos;, os.arch: &apos;amd64&apos;, os.version: &apos;10.0&apos;, java.version: &apos;18.0.2.1&apos;
Driver info: org.openqa.selenium.chrome.ChromeDriver
Command: [1cdf0fe5a857faecd472c8c4e8dc9277, clickElement {id=e6859376-afb7-438c-8cd9-6835784caf51}]
Capabilities {acceptInsecureCerts: false, browserName: chrome, browserVersion: 109.0.5414.75, chrome: {chromedriverVersion: 109.0.5414.74 (e7c5703604da..., userDataDir: C:\Users\VISHNU\AppData\Loc...}, goog:chromeOptions: {debuggerAddress: localhost:13917}, networkConnectionEnabled: false, pageLoadStrategy: normal, platformName: WINDOWS, proxy: Proxy(), se:cdp: ws://localhost:13917/devtoo..., se:cdpVersion: 109.0.5414.75, setWindowRect: true, strictFileInteractability: false, timeouts: {implicit: 0, pageLoad: 300000, script: 30000}, unhandledPromptBehavior: dismiss and notify, webauthn:extension:credBlob: true, webauthn:extension:largeBlob: true, webauthn:virtualAuthenticators: true}
Element: [[ChromeDriver: chrome on WINDOWS (1cdf0fe5a857faecd472c8c4e8dc9277)] -&gt; xpath: //header/div[1]/div[1]/div[3]/div[1]/ul[1]/li[2]/div[1]/p[1]/a[2]/strong[1]]
Session ID: 1cdf0fe5a857faecd472c8c4e8dc9277
	at org.openqa.selenium.remote.codec.w3c.W3CHttpResponseCodec.createException(W3CHttpResponseCodec.java:200)
	at org.openqa.selenium.remote.codec.w3c.W3CHttpResponseCodec.decode(W3CHttpResponseCodec.java:133)
	at org.openqa.selenium.remote.codec.w3c.W3CHttpResponseCodec.decode(W3CHttpResponseCodec.java:53)
	at org.openqa.selenium.remote.HttpCommandExecutor.execute(HttpCommandExecutor.java:184)
	at org.openqa.selenium.remote.service.DriverCommandExecutor.invokeExecute(DriverCommandExecutor.java:167)
	at org.openqa.selenium.remote.service.DriverCommandExecutor.execute(DriverCommandExecutor.java:142)
	at org.openqa.selenium.remote.RemoteWebDriver.execute(RemoteWebDriver.java:535)
	at org.openqa.selenium.remote.RemoteWebElement.execute(RemoteWebElement.java:257)
	at org.openqa.selenium.remote.RemoteWebElement.click(RemoteWebElement.java:78)
	at org.openqa.selenium.support.pagefactory.internal.LocatingElementHandler.invoke(LocatingElementHandler.java:52)
	at jdk.proxy2/jdk.proxy2.$Proxy18.click(Unknown Source)
	at com.ninja.qa.pages.ProductPage.CartBtn(ProductPage.java:52)
	at Npack.AddToCartTest.AddToCartBySelectProduct(AddToCartTest.java:74)
	at java.base/java.util.ArrayList.forEach(ArrayList.java:1511)
... Removed 30 stack frames</div></td></tr></table><p class="totop"><a href="#summary">back to summary</a></p>
<h3 id="m1">Npack.SearchTest#SearchValidProduct</h3><table class="result"><tr><th>Exception</th></tr><tr><td><div class="stacktrace">org.openqa.selenium.NoSuchElementException: no such element: Unable to locate element: {&quot;method&quot;:&quot;link text&quot;,&quot;selector&quot;:&quot;Sony VAIO&quot;}
  (Session info: chrome=109.0.5414.75)
For documentation on this error, please visit: https://selenium.dev/exceptions/#no_such_element
Build info: version: &apos;4.7.2&apos;, revision: &apos;4d4020c3b7&apos;
System info: os.name: &apos;Windows 10&apos;, os.arch: &apos;amd64&apos;, os.version: &apos;10.0&apos;, java.version: &apos;18.0.2.1&apos;
Driver info: org.openqa.selenium.chrome.ChromeDriver
Command: [460ebcbb4e8b62cb584497e45264c3d5, findElement {using=link text, value=Sony VAIO}]
Capabilities {acceptInsecureCerts: false, browserName: chrome, browserVersion: 109.0.5414.75, chrome: {chromedriverVersion: 109.0.5414.74 (e7c5703604da..., userDataDir: C:\Users\VISHNU\AppData\Loc...}, goog:chromeOptions: {debuggerAddress: localhost:13795}, networkConnectionEnabled: false, pageLoadStrategy: normal, platformName: WINDOWS, proxy: Proxy(), se:cdp: ws://localhost:13795/devtoo..., se:cdpVersion: 109.0.5414.75, setWindowRect: true, strictFileInteractability: false, timeouts: {implicit: 0, pageLoad: 300000, script: 30000}, unhandledPromptBehavior: dismiss and notify, webauthn:extension:credBlob: true, webauthn:extension:largeBlob: true, webauthn:virtualAuthenticators: true}
Session ID: 460ebcbb4e8b62cb584497e45264c3d5
	at org.openqa.selenium.remote.codec.w3c.W3CHttpResponseCodec.createException(W3CHttpResponseCodec.java:200)
	at org.openqa.selenium.remote.codec.w3c.W3CHttpResponseCodec.decode(W3CHttpResponseCodec.java:133)
	at org.openqa.selenium.remote.codec.w3c.W3CHttpResponseCodec.decode(W3CHttpResponseCodec.java:53)
	at org.openqa.selenium.remote.HttpCommandExecutor.execute(HttpCommandExecutor.java:184)
	at org.openqa.selenium.remote.service.DriverCommandExecutor.invokeExecute(DriverCommandExecutor.java:167)
	at org.openqa.selenium.remote.service.DriverCommandExecutor.execute(DriverCommandExecutor.java:142)
	at org.openqa.selenium.remote.RemoteWebDriver.execute(RemoteWebDriver.java:535)
	at org.openqa.selenium.remote.ElementLocation$ElementFinder$2.findElement(ElementLocation.java:162)
	at org.openqa.selenium.remote.ElementLocation.findElement(ElementLocation.java:60)
	at org.openqa.selenium.remote.RemoteWebDriver.findElement(RemoteWebDriver.java:351)
	at org.openqa.selenium.remote.RemoteWebDriver.findElement(RemoteWebDriver.java:343)
	at org.openqa.selenium.support.pagefactory.DefaultElementLocator.findElement(DefaultElementLocator.java:70)
	at org.openqa.selenium.support.pagefactory.internal.LocatingElementHandler.invoke(LocatingElementHandler.java:39)
	at jdk.proxy2/jdk.proxy2.$Proxy18.isDisplayed(Unknown Source)
	at com.ninja.qa.pages.SearchPage.TextInfo(SearchPage.java:40)
	at Npack.SearchTest.SearchValidProduct(SearchTest.java:38)
	at java.base/java.util.ArrayList.forEach(ArrayList.java:1511)
... Removed 28 stack frames</div></td></tr></table><p class="totop"><a href="#summary">back to summary</a></p>
<h3 id="m2">Npack.AddToCartTest#AddToCartProductBySearch</h3><table class="result"><tr><th class="invisible"/></tr></table><p class="totop"><a href="#summary">back to summary</a></p>
<h3 id="m3">Npack.LoginTest#InvalidInput</h3><table class="result"><tr><th class="invisible"/></tr></table><p class="totop"><a href="#summary">back to summary</a></p>
<h3 id="m4">Npack.LoginTest#InvalidMailValidPassword</h3><table class="result"><tr><th class="invisible"/></tr></table><p class="totop"><a href="#summary">back to summary</a></p>
<h3 id="m5">Npack.LoginTest#LoginWithoutInput</h3><table class="result"><tr><th class="invisible"/></tr></table><p class="totop"><a href="#summary">back to summary</a></p>
<h3 id="m6">Npack.LoginTest#ValidMailInvalidPassword</h3><table class="result"><tr><th class="invisible"/></tr></table><p class="totop"><a href="#summary">back to summary</a></p>
<h3 id="m7">Npack.LoginTest#Validinput</h3><table class="result"><tr class="param"><th>Parameter #1</th><th>Parameter #2</th></tr><tr class="param stripe"><td>mrahul.rm84@gmail.com</td><td>123456</td></tr></table><p class="totop"><a href="#summary">back to summary</a></p>
<h3 id="m8">Npack.LoginTest#Validinput</h3><table class="result"><tr class="param"><th>Parameter #1</th><th>Parameter #2</th></tr><tr class="param stripe"><td>rahulmarrikomadinne2@gmail.com</td><td>123654</td></tr></table><p class="totop"><a href="#summary">back to summary</a></p>
<h3 id="m9">Npack.LoginTest#Validinput</h3><table class="result"><tr class="param"><th>Parameter #1</th><th>Parameter #2</th></tr><tr class="param stripe"><td>rahullmarrikomadinne@gmail.com</td><td>Rahul@1026</td></tr></table><p class="totop"><a href="#summary">back to summary</a></p>
<h3 id="m10">Npack.RegisterTest#RegisterWithAllFields</h3><table class="result"><tr><th class="invisible"/></tr></table><p class="totop"><a href="#summary">back to summary</a></p>
<h3 id="m11">Npack.RegisterTest#RegisterWithFields</h3><table class="result"><tr><th class="invisible"/></tr></table><p class="totop"><a href="#summary">back to summary</a></p>
<h3 id="m12">Npack.RegisterTest#RegisterWithoutFields</h3><table class="result"><tr><th class="invisible"/></tr></table><p class="totop"><a href="#summary">back to summary</a></p>
<h3 id="m13">Npack.SearchTest#SearchInValidProduct</h3><table class="result"><tr><th class="invisible"/></tr></table><p class="totop"><a href="#summary">back to summary</a></p>
<h3 id="m14">Npack.SearchTest#SearchNoProduct</h3><table class="result"><tr><th class="invisible"/></tr></table><p class="totop"><a href="#summary">back to summary</a></p>
</body>
</html>
